==============================
test case 1 of 990000
attempt to remove 2 values below:
   (sequential order) 7 7 
   (value-sort order) 7 7 
from 7 values below:
   -6 -1 0 2 4 8 9 
gives (with 0 values successfully removed)
   -6 -1 0 2 4 8 9 
==============================
test case 2 of 990000
attempt to remove 4 values below:
   (sequential order) -3 3 -8 -6 
   (value-sort order) -8 -6 -3 3 
from 9 values below:
   -9 -7 -4 -3 -2 -1 2 3 8 
gives (with 2 values successfully removed)
   -9 -7 -4 -2 -1 2 8 
==============================
test case 3 of 990000
attempt to remove 15 values below:
   (sequential order) 0 6 -6 -2 5 3 -8 5 4 6 -4 -7 2 -4 -4 
   (value-sort order) -8 -7 -6 -4 -4 -4 -2 0 2 3 4 5 5 6 6 
from 15 values below:
   -9 -8 -7 -6 -4 -3 -1 0 1 2 3 4 5 6 7 
gives (with 10 values successfully removed)
   -9 -3 -1 1 7 
==============================
test case 4 of 990000
attempt to remove 4 values below:
   (sequential order) -6 5 -5 -3 
   (value-sort order) -6 -5 -3 5 
from 4 values below:
   -8 -7 -1 3 
gives (with 0 values successfully removed)
   -8 -7 -1 3 
==============================
test case 5 of 990000
attempt to remove 5 values below:
   (sequential order) -2 -6 0 3 1 
   (value-sort order) -6 -2 0 1 3 
from 11 values below:
   -9 -6 -4 -2 0 1 3 4 6 7 8 
gives (with 5 values successfully removed)
   -9 -4 4 6 7 8 
==============================
test case 66000 of 990000
attempt to remove 25 values below:
   (sequential order) 2 -5 -2 5 7 8 7 3 9 -3 -3 -5 5 9 7 -6 7 -5 -3 -5 -1 -7 8 -8 -7 
   (value-sort order) -8 -7 -7 -6 -5 -5 -5 -5 -3 -3 -3 -2 -1 2 3 5 5 7 7 7 7 8 8 9 9 
from 16 values below:
   -9 -8 -7 -6 -5 -3 -2 1 2 3 4 5 6 7 8 9 
gives (with 12 values successfully removed)
   -9 1 4 6 
==============================
test case 132000 of 990000
attempt to remove 11 values below:
   (sequential order) -9 7 -4 3 4 -8 5 -4 -2 -4 3 
   (value-sort order) -9 -8 -4 -4 -4 -2 3 3 4 5 7 
from 18 values below:
   -9 -8 -7 -5 -4 -3 -2 -1 0 1 2 3 4 5 6 7 8 9 
gives (with 8 values successfully removed)
   -7 -5 -3 -1 0 1 2 6 8 9 
==============================
test case 198000 of 990000
attempt to remove 9 values below:
   (sequential order) -7 -5 8 -4 2 -5 8 -7 -8 
   (value-sort order) -8 -7 -7 -5 -5 -4 2 8 8 
from 10 values below:
   -8 -5 -1 2 4 5 6 7 8 9 
gives (with 4 values successfully removed)
   -1 4 5 6 7 9 
==============================
test case 264000 of 990000
attempt to remove 16 values below:
   (sequential order) -2 4 9 -7 -8 -8 0 3 7 4 -9 0 1 -1 6 4 
   (value-sort order) -9 -8 -8 -7 -2 -1 0 0 1 3 4 4 4 6 7 9 
from 12 values below:
   -7 -4 -1 0 2 3 4 5 6 7 8 9 
gives (with 8 values successfully removed)
   -4 2 5 8 
==============================
test case 330000 of 990000
attempt to remove 10 values below:
   (sequential order) 9 -2 -8 -6 -2 -6 2 3 -7 4 
   (value-sort order) -8 -7 -6 -6 -2 -2 2 3 4 9 
from 16 values below:
   -9 -8 -7 -6 -5 -4 -3 -1 0 1 3 4 5 6 7 8 
gives (with 5 values successfully removed)
   -9 -5 -4 -3 -1 0 1 5 6 7 8 
==============================
test case 396000 of 990000
attempt to remove 21 values below:
   (sequential order) -4 4 -5 4 -6 2 4 -9 -2 -8 -3 -9 -5 -9 4 -7 -7 -9 -3 6 1 
   (value-sort order) -9 -9 -9 -9 -8 -7 -7 -6 -5 -5 -4 -3 -3 -2 1 2 4 4 4 4 6 
from 14 values below:
   -9 -8 -7 -6 -4 -1 0 2 4 5 6 7 8 9 
gives (with 8 values successfully removed)
   -1 0 5 7 8 9 
==============================
test case 462000 of 990000
attempt to remove 14 values below:
   (sequential order) 5 4 0 5 6 4 0 1 -3 -6 -1 9 9 -3 
   (value-sort order) -6 -3 -3 -1 0 0 1 4 4 5 5 6 9 9 
from 11 values below:
   -8 -6 -4 -1 0 2 3 4 5 6 7 
gives (with 6 values successfully removed)
   -8 -4 2 3 7 
==============================
test case 528000 of 990000
attempt to remove 1 values below:
   (sequential order) 5 
   (value-sort order) 5 
from 2 values below:
   -4 6 
gives (with 0 values successfully removed)
   -4 6 
==============================
test case 594000 of 990000
attempt to remove 6 values below:
   (sequential order) -7 -3 7 2 5 -4 
   (value-sort order) -7 -4 -3 2 5 7 
from 10 values below:
   -9 -7 -6 -3 -2 1 3 5 8 9 
gives (with 3 values successfully removed)
   -9 -6 -2 1 3 8 9 
==============================
test case 660000 of 990000
attempt to remove 11 values below:
   (sequential order) 5 -1 -9 -9 -1 -3 -7 7 -3 6 4 
   (value-sort order) -9 -9 -7 -3 -3 -1 -1 4 5 6 7 
from 13 values below:
   -8 -7 -6 -5 -4 -2 0 1 2 3 4 7 9 
gives (with 3 values successfully removed)
   -8 -6 -5 -4 -2 0 1 2 3 9 
==============================
test case 726000 of 990000
attempt to remove 2 values below:
   (sequential order) 1 2 
   (value-sort order) 1 2 
from 3 values below:
   -4 1 2 
gives (with 2 values successfully removed)
   -4 
==============================
test case 792000 of 990000
attempt to remove 9 values below:
   (sequential order) 9 2 -1 1 -9 -3 -4 5 6 
   (value-sort order) -9 -4 -3 -1 1 2 5 6 9 
from 12 values below:
   -9 -8 -6 -5 -4 -3 1 3 4 5 6 8 
gives (with 6 values successfully removed)
   -8 -6 -5 3 4 8 
==============================
test case 858000 of 990000
attempt to remove 3 values below:
   (sequential order) 1 9 7 
   (value-sort order) 1 7 9 
from 8 values below:
   -8 -4 -2 -1 0 2 6 8 
gives (with 0 values successfully removed)
   -8 -4 -2 -1 0 2 6 8 
==============================
test case 924000 of 990000
attempt to remove 3 values below:
   (sequential order) -5 6 -2 
   (value-sort order) -5 -2 6 
from 7 values below:
   -6 0 2 3 6 7 9 
gives (with 1 values successfully removed)
   -6 0 2 3 7 9 
==============================
test case 990000 of 990000
attempt to remove 1 values below:
   (sequential order) 9 
   (value-sort order) 9 
from 5 values below:
   -7 -2 2 3 6 
gives (with 0 values successfully removed)
   -7 -2 2 3 6 
==============================
test program terminated normally
==============================
